[2026/01/14 01:08:02   INFO]           [HytaleServer] Starting HytaleServer
[2026/01/14 01:08:02   INFO]           [HytaleServer] Loading config...
[2026/01/14 01:08:02   INFO]           [HytaleServer] Authentication mode: AUTHENTICATED
[2026/01/14 01:08:02   INFO]      [ServerAuthManager] No server tokens configured. Use /auth login to authenticate, or provide tokens via CLI/environment.
[2026/01/14 01:08:02   INFO]      [ServerAuthManager] Server session ID: db193feb-32ce-43de-8352-9c5b3375cf95
[2026/01/14 01:08:02   INFO]           [HytaleServer] Enabling Sentry
[2026/01/14 01:08:02   INFO]           [HytaleServer] Booting up HytaleServer - Version: 2026.01.13-50e69c385, Revision: 50e69c385653343d6bf1ad0103333f96dd93f54b
[2026/01/14 01:08:02   INFO]           [HytaleServer] Setup phase...
[2026/01/14 01:08:02   INFO]          [PluginManager] Loading pending core plugins!
[2026/01/14 01:08:02   INFO]          [PluginManager] - Hytale:ConsoleModule
[2026/01/14 01:08:02   INFO]          [PluginManager] - Hytale:PermissionsModule
[2026/01/14 01:08:02   INFO]          [PluginManager] - Hytale:FlyCameraModule
[2026/01/14 01:08:02   INFO]          [PluginManager] - Hytale:AssetModule
[2026/01/14 01:08:02   INFO]          [PluginManager] - Hytale:CommonAssetModule
[2026/01/14 01:08:02   INFO]          [PluginManager] - Hytale:CosmeticsModule
[2026/01/14 01:08:02   INFO]          [PluginManager] - Hytale:ServerManager
[2026/01/14 01:08:02   INFO]          [PluginManager] - Hytale:I18nModule
[2026/01/14 01:08:02   INFO]          [PluginManager] - Hytale:ItemModule
[2026/01/14 01:08:02   INFO]          [PluginManager] - Hytale:BlockTypeModule
[2026/01/14 01:08:02   INFO]          [PluginManager] - Hytale:LegacyModule
[2026/01/14 01:08:02   INFO]          [PluginManager] - Hytale:BlockModule
[2026/01/14 01:08:02   INFO]          [PluginManager] - Hytale:BlockStateModule
[2026/01/14 01:08:02   INFO]          [PluginManager] - Hytale:CollisionModule
[2026/01/14 01:08:02   INFO]          [PluginManager] - Hytale:BlockSetModule
[2026/01/14 01:08:02   INFO]          [PluginManager] - Hytale:MigrationModule
[2026/01/14 01:08:02   INFO]          [PluginManager] - Hytale:BlockHealthModule
[2026/01/14 01:08:02   INFO]          [PluginManager] - Hytale:PrefabSpawnerModule
[2026/01/14 01:08:02   INFO]          [PluginManager] - Hytale:TimeModule
[2026/01/14 01:08:02   INFO]          [PluginManager] - Hytale:InteractionModule
[2026/01/14 01:08:02   INFO]          [PluginManager] - Hytale:EntityModule
[2026/01/14 01:08:02   INFO]          [PluginManager] - Hytale:EntityStatsModule
[2026/01/14 01:08:02   INFO]          [PluginManager] - Hytale:EntityUIModule
[2026/01/14 01:08:02   INFO]          [PluginManager] - Hytale:DamageModule
[2026/01/14 01:08:02   INFO]          [PluginManager] - Hytale:SplitVelocity
[2026/01/14 01:08:02   INFO]          [PluginManager] - Hytale:StaminaModule
[2026/01/14 01:08:02   INFO]          [PluginManager] - Hytale:DebugPlugin
[2026/01/14 01:08:02   INFO]          [PluginManager] - Hytale:ProjectileModule
[2026/01/14 01:08:02   INFO]          [PluginManager] - Hytale:ServerPlayerListModule
[2026/01/14 01:08:02   INFO]          [PluginManager] - Hytale:AccessControlModule
[2026/01/14 01:08:02   INFO]          [PluginManager] - Hytale:SingleplayerModule
[2026/01/14 01:08:02   INFO]          [PluginManager] - Hytale:Universe
[2026/01/14 01:08:02   INFO]          [PluginManager] - Hytale:ConnectedBlocksModule
[2026/01/14 01:08:02   INFO]          [PluginManager] Loading pending classpath plugins!
[2026/01/14 01:08:02   INFO]          [PluginManager] - Hytale:AssetEditor
[2026/01/14 01:08:02   INFO]          [PluginManager] - Hytale:BlockSpawner
[2026/01/14 01:08:02   INFO]          [PluginManager] - Hytale:BlockTick
[2026/01/14 01:08:02   INFO]          [PluginManager] - Hytale:BlockPhysics
[2026/01/14 01:08:02   INFO]          [PluginManager] - Hytale:BuilderTools
[2026/01/14 01:08:02   INFO]          [PluginManager] - Hytale:Crafting
[2026/01/14 01:08:02   INFO]          [PluginManager] - Hytale:CommandMacro
[2026/01/14 01:08:02   INFO]          [PluginManager] - Hytale:Instances
[2026/01/14 01:08:02   INFO]          [PluginManager] - Hytale:LANDiscovery
[2026/01/14 01:08:02   INFO]          [PluginManager] - Hytale:NPC
[2026/01/14 01:08:02   INFO]          [PluginManager] - Hytale:NPCObjectives
[2026/01/14 01:08:02   INFO]          [PluginManager] - Hytale:ObjectiveReputation
[2026/01/14 01:08:02   INFO]          [PluginManager] - Hytale:Objectives
[2026/01/14 01:08:02   INFO]          [PluginManager] - Hytale:ObjectiveShop
[2026/01/14 01:08:02   INFO]          [PluginManager] - Hytale:Path
[2026/01/14 01:08:02   INFO]          [PluginManager] - Hytale:Reputation
[2026/01/14 01:08:02   INFO]          [PluginManager] - Hytale:NPCReputation
[2026/01/14 01:08:02   INFO]          [PluginManager] - Hytale:Shop
[2026/01/14 01:08:02   INFO]          [PluginManager] - Hytale:ShopReputation
[2026/01/14 01:08:02   INFO]          [PluginManager] - Hytale:NPCShop
[2026/01/14 01:08:02   INFO]          [PluginManager] - Hytale:NPCEditor
[2026/01/14 01:08:02   INFO]          [PluginManager] - Hytale:Stash
[2026/01/14 01:08:02   INFO]          [PluginManager] - Hytale:TagSet
[2026/01/14 01:08:02   INFO]          [PluginManager] - Hytale:Teleport
[2026/01/14 01:08:02   INFO]          [PluginManager] - Hytale:Fluid
[2026/01/14 01:08:02   INFO]          [PluginManager] - Hytale:Weather
[2026/01/14 01:08:02   INFO]          [PluginManager] - Hytale:WorldGen
[2026/01/14 01:08:02   INFO]          [PluginManager] - Hytale:Farming
[2026/01/14 01:08:02   INFO]          [PluginManager] - Hytale:Camera
[2026/01/14 01:08:02   INFO]          [PluginManager] - Hytale:WorldLocationCondition
[2026/01/14 01:08:02   INFO]          [PluginManager] - Hytale:NPCCombatActionEvaluator
[2026/01/14 01:08:02   INFO]          [PluginManager] - Hytale:Model
[2026/01/14 01:08:02   INFO]          [PluginManager] - Hytale:Mantling
[2026/01/14 01:08:02   INFO]          [PluginManager] - Hytale:SafetyRoll
[2026/01/14 01:08:02   INFO]          [PluginManager] - Hytale:SprintForce
[2026/01/14 01:08:02   INFO]          [PluginManager] - Hytale:CrouchSlide
[2026/01/14 01:08:02   INFO]          [PluginManager] - Hytale:Parkour
[2026/01/14 01:08:02   INFO]          [PluginManager] - Hytale:Mounts
[2026/01/14 01:08:02   INFO]          [PluginManager] - Hytale:HytaleGenerator
[2026/01/14 01:08:02   INFO]          [PluginManager] - Hytale:Teleporter
[2026/01/14 01:08:02   INFO]          [PluginManager] - Hytale:Memories
[2026/01/14 01:08:02   INFO]          [PluginManager] - Hytale:Deployables
[2026/01/14 01:08:02   INFO]          [PluginManager] - Hytale:Portals
[2026/01/14 01:08:02   INFO]          [PluginManager] - Hytale:Beds
[2026/01/14 01:08:02   INFO]          [PluginManager] - Hytale:Ambience
[2026/01/14 01:08:02   INFO]          [PluginManager] - Hytale:CreativeHub
[2026/01/14 01:08:02   INFO]          [PluginManager] Loading pending plugins from directory: mods
[2026/01/14 01:08:02 SEVERE]           [HytaleServer] Failed to boot HytaleServer!
joptsimple.OptionArgumentConversionException: Cannot parse argument '/Users/bingo/Desktop/Projects/hytale-plugin-template/target/ExamplePlugin-1.0-SNAPSHOT.jar' of option mods
	at joptsimple.AbstractOptionSpec.convertWith(AbstractOptionSpec.java:92)
	at joptsimple.ArgumentAcceptingOptionSpec.convert(ArgumentAcceptingOptionSpec.java:277)
	at joptsimple.OptionSet.valuesOf(OptionSet.java:223)
	at com.hypixel.hytale.server.core.plugin.PluginManager.setup(PluginManager.java:170)
	at com.hypixel.hytale.server.core.HytaleServer.boot(HytaleServer.java:326)
	at com.hypixel.hytale.server.core.HytaleServer.<init>(HytaleServer.java:284)
	at com.hypixel.hytale.LateMain.lateMain(LateMain.java:54)
	at com.hypixel.hytale.Main.main(Main.java:43)
Caused by: joptsimple.ValueConversionException: Path must be a directory!
	at com.hypixel.hytale.server.core.Options$PathConverter.convert(Options.java:390)
	at com.hypixel.hytale.server.core.Options$PathConverter.convert(Options.java:371)
	at joptsimple.internal.Reflection.convertWith(Reflection.java:124)
	at joptsimple.AbstractOptionSpec.convertWith(AbstractOptionSpec.java:90)
	... 7 more

[2026/01/14 01:08:02   INFO]           [HytaleServer] Shutdown triggered!!!
[2026/01/14 01:08:02   INFO]           [HytaleServer] Getting Hytale Universe ready...
[2026/01/14 01:08:02   INFO]           [HytaleServer] Shutting down... 1  'Failed to start server! Path must be a directory!'
[2026/01/14 01:08:02   INFO]          [PluginManager] Saving plugins config...
[2026/01/14 01:08:02   INFO]           [HytaleServer] Saving config...
[2026/01/14 01:08:02   INFO]           [HytaleServer] Shutdown completed!
